Arguments: 
  /usr/local/bin/node /opt/homebrew/bin/yarn info

PATH: 
  /opt/homebrew/bin:/opt/homebrew/sbin:/usr/local/bin:/usr/bin:/bin:/usr/sbin:/sbin

Yarn version: 
  1.22.15

Node version: 
  14.18.0

Platform: 
  darwin x64

Trace: 
  TypeError: Cannot read property '1' of null
      at parsePackageName (/opt/homebrew/lib/node_modules/yarn/lib/cli.js:97194:29)
      at Object.<anonymous> (/opt/homebrew/lib/node_modules/yarn/lib/cli.js:84756:90)
      at Generator.next (<anonymous>)
      at step (/opt/homebrew/lib/node_modules/yarn/lib/cli.js:310:30)
      at /opt/homebrew/lib/node_modules/yarn/lib/cli.js:321:13

npm manifest: 
  {
    "dependencies": {
      "js-doc": "^0.5.0"
    }
  }

yarn manifest: 
  No manifest

Lockfile: 
  # THIS IS AN AUTOGENERATED FILE. DO NOT EDIT THIS FILE DIRECTLY.
  # yarn lockfile v1
  
  
  argparse@>=1.0.7:
    version "2.0.1"
    resolved "https://registry.yarnpkg.com/argparse/-/argparse-2.0.1.tgz#246f50f3ca78a3240f6c997e8a9bd1eac49e4b38"
    integrity sha512-8+9WqebbFzpX9OR+Wa6O29asIogeRMzcGtAINdpMHHyAg10f05aSFVBbcEqGf/PXw1EjAZ+q2/bEBg3DvurK3Q==
  
  highlight.js@>=9.4.0:
    version "11.4.0"
    resolved "https://registry.yarnpkg.com/highlight.js/-/highlight.js-11.4.0.tgz#34ceadd49e1596ee5aba3d99346cdfd4845ee05a"
    integrity sha512-nawlpCBCSASs7EdvZOYOYVkJpGmAOKMYZgZtUqSRqodZE0GRVcFKwo1RcpeOemqh9hyttTdd5wDBwHkuSyUfnA==
  
  js-doc@^0.5.0:
    version "0.5.0"
    resolved "https://registry.yarnpkg.com/js-doc/-/js-doc-0.5.0.tgz#dcabe10913b28c97a205fb88ba7cd9f30170b57d"
    integrity sha1-3KvhCROyjJeiBfuIunzZ8wFwtX0=
    dependencies:
      argparse ">=1.0.7"
      highlight.js ">=9.4.0"
      marked ">=0.3.5"
  
  marked@>=0.3.5:
    version "4.0.9"
    resolved "https://registry.yarnpkg.com/marked/-/marked-4.0.9.tgz#96862d67bd31b4770917f01c93e1d9b3cc73ed96"
    integrity sha512-HmoFvQwFLxNESeGupeOC+6CLb5WzcCWQmqvVetsErmrI3vrZ6gBumty5IP0ynLPR0zYSoVY7ITC1GffsYIGkog==
